<?xml version="1.0" encoding="UTF-8"?>
<!-- Generated by org.testng.reporters.JUnitXMLReporter -->
<testsuite hostname="LAPTOP-DJC8OLDO" ignored="0" name="Default test" tests="10" failures="0" timestamp="2020-09-04T18:30:03 EEST" time="236.4" errors="0">
  <testcase name="addEmployee" time="17.448" classname="com.class03.DataProvider_Grouping.Homework"/>
  <testcase name="addEmployee" time="20.685" classname="com.class03.DataProvider_Grouping.Homework"/>
  <testcase name="addEmployee" time="17.918" classname="com.class03.DataProvider_Grouping.Homework"/>
  <testcase name="addEmployee" time="15.816" classname="com.class03.DataProvider_Grouping.Homework"/>
  <testcase name="addEmployee" time="17.857" classname="com.class03.DataProvider_Grouping.Homework"/>
  <testcase name="getEmployee" time="7.999" classname="com.class03.DataProvider_Grouping.Homework"/>
  <testcase name="getEmployee" time="7.908" classname="com.class03.DataProvider_Grouping.Homework"/>
  <testcase name="getEmployee" time="7.732" classname="com.class03.DataProvider_Grouping.Homework"/>
  <testcase name="getEmployee" time="7.946" classname="com.class03.DataProvider_Grouping.Homework"/>
  <testcase name="getEmployee" time="7.843" classname="com.class03.DataProvider_Grouping.Homework"/>
</testsuite> <!-- Default test -->
