<?xml version="1.0" encoding="UTF-8"?>
<!-- Generated by org.testng.reporters.JUnitXMLReporter -->
<testsuite hostname="LAPTOP-DJC8OLDO" ignored="2" name="Test" tests="6" failures="0" timestamp="2020-09-04T18:42:02 EEST" time="139.929" errors="0">
  <testcase name="validLogin" time="2.742" classname="com.class03.DataProvider_Grouping.GroupsExample"/>
  <testcase name="addEmployee" time="20.298" classname="com.class03.DataProvider_Grouping.Homework"/>
  <testcase name="addEmployee" time="14.065" classname="com.class03.DataProvider_Grouping.Homework"/>
  <testcase name="addEmployee" time="14.822" classname="com.class03.DataProvider_Grouping.Homework"/>
  <testcase name="addEmployee" time="15.155" classname="com.class03.DataProvider_Grouping.Homework"/>
  <testcase name="addEmployee" time="15.376" classname="com.class03.DataProvider_Grouping.Homework"/>
  <testcase name="getEmployee" time="0.0" classname="com.class03.DataProvider_Grouping.Homework">
    <ignored/>
  </testcase> <!-- getEmployee -->
  <testcase name="invalidLogin" time="0.0" classname="com.class03.DataProvider_Grouping.GroupsExample">
    <ignored/>
  </testcase> <!-- invalidLogin -->
</testsuite> <!-- Test -->
