<?xml version="1.0" encoding="UTF-8"?>
<testng-results skipped="0" failed="0" ignored="0" total="2" passed="2">
  <reporter-output>
  </reporter-output>
  <suite name="Default suite" duration-ms="25328" started-at="2020-08-30T09:16:09 EEST" finished-at="2020-08-30T09:16:35 EEST">
    <groups>
    </groups>
    <test name="Default test" duration-ms="25328" started-at="2020-08-30T09:16:09 EEST" finished-at="2020-08-30T09:16:35 EEST">
      <class name="com.syntax.class01.HrmsTestCases">
        <test-method status="PASS" signature="openBrowser()[pri:0, instance:com.syntax.class01.HrmsTestCases@71bbf57e]" name="openBrowser" is-config="true" duration-ms="12084" started-at="2020-08-30T09:16:09 EEST" finished-at="2020-08-30T09:16:21 EEST">
          <reporter-output>
          </reporter-output>
        </test-method> <!-- openBrowser -->
        <test-method status="PASS" signature="titleValidation()[pri:0, instance:com.syntax.class01.HrmsTestCases@71bbf57e]" name="titleValidation" duration-ms="17" started-at="2020-08-30T09:16:21 EEST" finished-at="2020-08-30T09:16:21 EEST">
          <reporter-output>
          </reporter-output>
        </test-method> <!-- titleValidation -->
        <test-method status="PASS" signature="closeBrowser()[pri:0, instance:com.syntax.class01.HrmsTestCases@71bbf57e]" name="closeBrowser" is-config="true" duration-ms="713" started-at="2020-08-30T09:16:21 EEST" finished-at="2020-08-30T09:16:22 EEST">
          <reporter-output>
          </reporter-output>
        </test-method> <!-- closeBrowser -->
        <test-method status="PASS" signature="openBrowser()[pri:0, instance:com.syntax.class01.HrmsTestCases@71bbf57e]" name="openBrowser" is-config="true" duration-ms="8374" started-at="2020-08-30T09:16:22 EEST" finished-at="2020-08-30T09:16:30 EEST">
          <reporter-output>
          </reporter-output>
        </test-method> <!-- openBrowser -->
        <test-method status="PASS" signature="validLogin()[pri:0, instance:com.syntax.class01.HrmsTestCases@71bbf57e]" name="validLogin" duration-ms="2843" started-at="2020-08-30T09:16:30 EEST" finished-at="2020-08-30T09:16:33 EEST">
          <reporter-output>
          </reporter-output>
        </test-method> <!-- validLogin -->
        <test-method status="PASS" signature="closeBrowser()[pri:0, instance:com.syntax.class01.HrmsTestCases@71bbf57e]" name="closeBrowser" is-config="true" duration-ms="1257" started-at="2020-08-30T09:16:33 EEST" finished-at="2020-08-30T09:16:35 EEST">
          <reporter-output>
          </reporter-output>
        </test-method> <!-- closeBrowser -->
      </class> <!-- com.syntax.class01.HrmsTestCases -->
    </test> <!-- Default test -->
  </suite> <!-- Default suite -->
</testng-results>
